[WARN ] 2022-05-03 11:45:36.891 [main] Log - Testing log - level Warn
[INFO ] 2022-05-03 11:45:36.897 [main] Log - Testing log - level Info
[ERROR] 2022-05-03 11:45:36.900 [main] Log - Testing log - level Error
[FATAL] 2022-05-03 11:45:36.900 [main] Log - Testing log - level Fatal
[FATAL] 2022-05-03 11:45:36.916 [main] Log - Logger: simulation.utils.Log Level: INFO
[INFO ] 2022-05-03 11:46:26.989 [main] Log - Logger: simulation.utils.Log Level: INFO
[WARN ] 2022-05-03 11:46:27.043 [main] Log - Testing log - level Warn
[INFO ] 2022-05-03 11:46:27.043 [main] Log - Testing log - level Info
[ERROR] 2022-05-03 11:46:27.044 [main] Log - Testing log - level Error
[FATAL] 2022-05-03 11:46:27.051 [main] Log - Testing log - level Fatal
[INFO ] 2022-05-03 15:42:55.315 [main] Log - Logger: tools.simulation.utils.Log Level: INFO
[WARN ] 2022-05-03 15:42:55.318 [main] Log - Testing log - level Warn
[INFO ] 2022-05-03 15:42:55.319 [main] Log - Testing log - level Info
[ERROR] 2022-05-03 15:42:55.319 [main] Log - Testing log - level Error
[FATAL] 2022-05-03 15:42:55.320 [main] Log - Testing log - level Fatal
[INFO ] 2022-05-03 15:43:56.019 [main] Log - Logger: tools.simulation.utils.Log Level: INFO
[WARN ] 2022-05-03 15:43:56.022 [main] Log - Testing log - level Warn
[INFO ] 2022-05-03 15:43:56.023 [main] Log - Testing log - level Info
[ERROR] 2022-05-03 15:43:56.023 [main] Log - Testing log - level Error
[FATAL] 2022-05-03 15:43:56.024 [main] Log - Testing log - level Fatal
[INFO ] 2022-05-03 15:51:30.513 [main] Log - Logger: tools.simulation.utils.Log Level: INFO
[WARN ] 2022-05-03 15:51:30.517 [main] Log - Testing log - level Warn
[INFO ] 2022-05-03 15:51:30.517 [main] Log - Testing log - level Info
[ERROR] 2022-05-03 15:51:30.519 [main] Log - Testing log - level Error
[FATAL] 2022-05-03 15:51:30.520 [main] Log - Testing log - level Fatal
[INFO ] 2022-05-03 15:51:33.193 [main] Log - Logger: tools.simulation.utils.Log Level: INFO
[WARN ] 2022-05-03 15:51:33.196 [main] Log - Testing log - level Warn
[INFO ] 2022-05-03 15:51:33.197 [main] Log - Testing log - level Info
[ERROR] 2022-05-03 15:51:33.197 [main] Log - Testing log - level Error
[FATAL] 2022-05-03 15:51:33.197 [main] Log - Testing log - level Fatal
[INFO ] 2022-05-03 15:52:58.493 [main] Log - Logger: tools.simulation.utils.Log Level: INFO
[WARN ] 2022-05-03 15:52:58.496 [main] Log - Testing log - level Warn
[INFO ] 2022-05-03 15:52:58.496 [main] Log - Testing log - level Info
[ERROR] 2022-05-03 15:52:58.497 [main] Log - Testing log - level Error
[FATAL] 2022-05-03 15:52:58.497 [main] Log - Testing log - level Fatal
[INFO ] 2022-05-03 16:01:41.408 [main] Log - Logger: tools.simulation.utils.Log Level: INFO
[WARN ] 2022-05-03 16:01:41.431 [main] Log - Testing log - level Warn
[INFO ] 2022-05-03 16:01:41.433 [main] Log - Testing log - level Info
[ERROR] 2022-05-03 16:01:41.434 [main] Log - Testing log - level Error
[FATAL] 2022-05-03 16:01:41.435 [main] Log - Testing log - level Fatal
[INFO ] 2022-05-03 16:04:27.600 [main] Log - Logger: tools.simulation.utils.Log Level: INFO
[WARN ] 2022-05-03 16:04:27.604 [main] Log - Testing log - level Warn
[INFO ] 2022-05-03 16:04:27.605 [main] Log - Testing log - level Info
[ERROR] 2022-05-03 16:04:27.605 [main] Log - Testing log - level Error
[FATAL] 2022-05-03 16:04:27.606 [main] Log - Testing log - level Fatal
[INFO ] 2022-05-03 16:06:43.291 [main] Log - Logger: tools.simulation.utils.Log Level: INFO
[WARN ] 2022-05-03 16:06:43.297 [main] Log - Testing log - level Warn
[INFO ] 2022-05-03 16:06:43.297 [main] Log - Testing log - level Info
[ERROR] 2022-05-03 16:06:43.297 [main] Log - Testing log - level Error
[FATAL] 2022-05-03 16:06:43.297 [main] Log - Testing log - level Fatal
[INFO ] 2022-05-03 16:16:13.627 [main] Log - Logger: tools.simulation.utils.Log Level: INFO
[WARN ] 2022-05-03 16:16:13.636 [main] Log - Testing log - level Warn
[INFO ] 2022-05-03 16:16:13.638 [main] Log - Testing log - level Info
[ERROR] 2022-05-03 16:16:13.643 [main] Log - Testing log - level Error
[FATAL] 2022-05-03 16:16:13.643 [main] Log - Testing log - level Fatal
[INFO ] 2022-05-03 16:16:16.058 [main] Log - Logger: tools.simulation.utils.Log Level: INFO
[WARN ] 2022-05-03 16:16:16.062 [main] Log - Testing log - level Warn
[INFO ] 2022-05-03 16:16:16.064 [main] Log - Testing log - level Info
[ERROR] 2022-05-03 16:16:16.066 [main] Log - Testing log - level Error
[FATAL] 2022-05-03 16:16:16.067 [main] Log - Testing log - level Fatal
[INFO ] 2022-05-03 16:17:00.082 [main] Log - Logger: tools.simulation.utils.Log Level: INFO
[WARN ] 2022-05-03 16:17:00.086 [main] Log - Testing log - level Warn
[INFO ] 2022-05-03 16:17:00.086 [main] Log - Testing log - level Info
[ERROR] 2022-05-03 16:17:00.086 [main] Log - Testing log - level Error
[FATAL] 2022-05-03 16:17:00.087 [main] Log - Testing log - level Fatal
[INFO ] 2022-05-03 16:17:43.888 [main] Log - Logger: tools.simulation.utils.Log Level: INFO
[WARN ] 2022-05-03 16:17:43.892 [main] Log - Testing log - level Warn
[INFO ] 2022-05-03 16:17:43.892 [main] Log - Testing log - level Info
[ERROR] 2022-05-03 16:17:43.892 [main] Log - Testing log - level Error
[FATAL] 2022-05-03 16:17:43.893 [main] Log - Testing log - level Fatal
[INFO ] 2022-05-03 16:20:04.769 [main] Log - Logger: tools.simulation.utils.Log Level: INFO
[WARN ] 2022-05-03 16:20:04.774 [main] Log - Testing log - level Warn
[INFO ] 2022-05-03 16:20:04.774 [main] Log - Testing log - level Info
[ERROR] 2022-05-03 16:20:04.775 [main] Log - Testing log - level Error
[FATAL] 2022-05-03 16:20:04.776 [main] Log - Testing log - level Fatal
[INFO ] 2022-05-03 16:22:50.001 [main] Log - Logger: tools.simulation.utils.Log Level: INFO
[WARN ] 2022-05-03 16:22:50.005 [main] Log - Testing log - level Warn
[INFO ] 2022-05-03 16:22:50.005 [main] Log - Testing log - level Info
[ERROR] 2022-05-03 16:22:50.005 [main] Log - Testing log - level Error
[FATAL] 2022-05-03 16:22:50.006 [main] Log - Testing log - level Fatal
[INFO ] 2022-05-03 16:23:15.857 [main] Log - Logger: tools.simulation.utils.Log Level: INFO
[WARN ] 2022-05-03 16:23:15.862 [main] Log - Testing log - level Warn
[INFO ] 2022-05-03 16:23:15.863 [main] Log - Testing log - level Info
[ERROR] 2022-05-03 16:23:15.863 [main] Log - Testing log - level Error
[FATAL] 2022-05-03 16:23:15.863 [main] Log - Testing log - level Fatal
